<?xml version="1.0" encoding="UTF-8"?>
<testng-results skipped="0" failed="0" total="0" passed="0">
  <reporter-output>
  </reporter-output>
  <suite name="com.goodman_mfg.softway.goodman_mfg.AppTest" duration-ms="10" started-at="2016-07-20T14:27:53Z" finished-at="2016-07-20T14:27:53Z">
    <groups>
    </groups>
    <test name="Command line test" duration-ms="10" started-at="2016-07-20T14:27:53Z" finished-at="2016-07-20T14:27:53Z">
    </test> <!-- Command line test -->
  </suite> <!-- com.goodman_mfg.softway.goodman_mfg.AppTest -->
</testng-results>
